<?xml version="1.0" encoding="UTF-8"?>
<!-- Generated by org.testng.reporters.JUnitReportReporter -->
<testsuite hostname="LAPTOP-47KEHV7J" failures="0" tests="1" name="Organization.CreateOrganizationTest" time="15.983" errors="0" timestamp="2023-04-19T20:59:02 IST" skipped="0">
  <testcase classname="Organization.CreateOrganizationTest" name="CreateOrganization" time="15.983"/>
  <system-out/>
</testsuite> <!-- Organization.CreateOrganizationTest -->
