<?xml version="1.0" encoding="UTF-8"?>
<!-- Generated by org.testng.reporters.JUnitReportReporter -->
<testsuite hostname="LAPTOP-47KEHV7J" failures="0" tests="1" name="Practice.HardAssert" time="0.017" errors="0" timestamp="2023-04-11T20:36:57 IST" skipped="0">
  <testcase classname="Practice.HardAssert" name="validateString" time="0.017"/>
  <system-out/>
</testsuite> <!-- Practice.HardAssert -->
