<?xml version="1.0" encoding="UTF-8"?>
<!-- Generated by org.testng.reporters.JUnitReportReporter -->
<testsuite hostname="LAPTOP-47KEHV7J" failures="0" tests="3" name="Practice.DataProviderExample" time="0.011" errors="0" timestamp="2023-04-14T00:44:47 IST" skipped="0">
  <testcase classname="Practice.DataProviderExample" name="exceldata" time="0.001"/>
  <system-out/>
  <testcase classname="Practice.DataProviderExample" name="exceldata" time="0.009"/>
  <system-out/>
  <testcase classname="Practice.DataProviderExample" name="exceldata" time="0.001"/>
  <system-out/>
</testsuite> <!-- Practice.DataProviderExample -->
