<?xml version="1.0" encoding="UTF-8"?>
<!-- Generated by org.testng.reporters.JUnitReportReporter -->
<testsuite hostname="LAPTOP-47KEHV7J" failures="0" tests="1" name="Product.CreateAndDeleteProducTestt" time="11.855" errors="0" timestamp="2023-04-26T16:57:02 IST" skipped="0">
  <testcase classname="Product.CreateAndDeleteProducTestt" name="CreateAndDeleteProduct" time="11.855"/>
  <system-out/>
</testsuite> <!-- Product.CreateAndDeleteProducTestt -->
