<?xml version="1.0" encoding="UTF-8"?>
<!-- Generated by org.testng.reporters.JUnitReportReporter -->
<testsuite hostname="LAPTOP-47KEHV7J" failures="0" tests="1" name="Practice.AmazonPage" time="4.572" errors="0" timestamp="2023-04-15T09:56:41 IST" skipped="0">
  <testcase classname="Practice.AmazonPage" name="amazonPage" time="4.572"/>
  <system-out/>
</testsuite> <!-- Practice.AmazonPage -->
