<?xml version="1.0" encoding="UTF-8"?>
<!-- Generated by org.testng.reporters.JUnitReportReporter -->
<testsuite hostname="LAPTOP-47KEHV7J" failures="0" tests="1" name="Practice.SampleTestNG" time="0.012" errors="0" timestamp="2023-04-26T16:55:48 IST" skipped="0">
  <testcase classname="Practice.SampleTestNG" name="createContact" time="0.012"/>
  <system-out/>
</testsuite> <!-- Practice.SampleTestNG -->
