<?xml version="1.0" encoding="UTF-8"?>
<!-- Generated by org.testng.reporters.JUnitReportReporter -->
<testsuite hostname="LAPTOP-47KEHV7J" failures="0" tests="1" name="Campaigns.CreateCampWithProdTest" time="16.696" errors="0" timestamp="2023-04-26T16:57:02 IST" skipped="0">
  <testcase classname="Campaigns.CreateCampWithProdTest" name="CreateCampWithProd" time="16.696"/>
  <system-out/>
</testsuite> <!-- Campaigns.CreateCampWithProdTest -->
