<?xml version="1.0" encoding="UTF-8"?>
<!-- Generated by org.testng.reporters.JUnitReportReporter -->
<testsuite hostname="LAPTOP-47KEHV7J" failures="0" tests="1" name="Organization.CreateOrganizationTest" time="13.265" errors="0" timestamp="2023-04-26T16:57:02 IST" skipped="0">
  <testcase classname="Organization.CreateOrganizationTest" name="CreateOrganization" time="13.265"/>
  <system-out/>
</testsuite> <!-- Organization.CreateOrganizationTest -->
