<?xml version="1.0" encoding="UTF-8"?>
<!-- Generated by org.testng.reporters.JUnitReportReporter -->
<testsuite hostname="LAPTOP-47KEHV7J" failures="0" tests="1" name="Product.CreateProductTest" time="15.177" errors="0" timestamp="2023-04-19T20:52:30 IST" skipped="0">
  <testcase classname="Product.CreateProductTest" name="CreateProduct" time="15.177"/>
  <system-out/>
</testsuite> <!-- Product.CreateProductTest -->
