<?xml version="1.0" encoding="UTF-8"?>
<!-- Generated by org.testng.reporters.JUnitReportReporter -->
<testsuite hostname="LAPTOP-47KEHV7J" failures="0" tests="3" name="Practice.SampleTestNG" time="0.012" errors="0" timestamp="2023-10-16T23:55:20 IST" skipped="0">
  <testcase classname="Practice.SampleTestNG" name="modifyContact" time="0.001"/>
  <system-out/>
  <testcase classname="Practice.SampleTestNG" name="createContact" time="0.010"/>
  <system-out/>
  <testcase classname="Practice.SampleTestNG" name="deleteContact" time="0.001"/>
  <system-out/>
</testsuite> <!-- Practice.SampleTestNG -->
