<?xml version="1.0" encoding="UTF-8"?>
<!-- Generated by org.testng.reporters.JUnitReportReporter -->
<testsuite hostname="LAPTOP-47KEHV7J" failures="0" tests="2" name="Practice.SampleTestNG" time="0.013" errors="0" timestamp="2023-04-13T14:43:51 IST" skipped="0">
  <testcase classname="Practice.SampleTestNG" name="deleteContact" time="0.011"/>
  <system-out/>
  <testcase classname="Practice.SampleTestNG" name="modifyContact" time="0.002"/>
  <system-out/>
</testsuite> <!-- Practice.SampleTestNG -->
