<?xml version="1.0" encoding="UTF-8"?>
<!-- Generated by org.testng.reporters.JUnitReportReporter -->
<testsuite hostname="LAPTOP-47KEHV7J" failures="0" tests="1" name="Practice.AmazonPage" time="5.979" errors="0" timestamp="2023-04-26T16:58:50 IST" skipped="0">
  <testcase classname="Practice.AmazonPage" name="amazonPage" time="5.979"/>
  <system-out/>
</testsuite> <!-- Practice.AmazonPage -->
